example_cluster cmb-new 0 1.727678
example_cluster cmb-new 0 24.602128
example_cluster cmb-new 0 21.330643
example_cluster cmb-new 0 18.513231
example_cluster cmb-new 0 15.296218
example_cluster cmb-new 0 13.420730
example_cluster cmb-new 0 9.506823
example_cluster cmb-new 0 41.397468
example_cluster cmb-new 0 43.686984
example_cluster cmb-new 0 46.735950
example_cluster cmb-new 1 101.121137
example_cluster cmb-new 1 208.691963
example_cluster cmb-new 1 110.178521
example_cluster cmb-new 1 178.837062
example_cluster cmb-new 1 101.111495
example_cluster cmb-new 1 194.864865
example_cluster cmb-new 1 176.516334
example_cluster cmb-new 1 109.439388
example_cluster cmb-new 1 243.861564
example_cluster cmb-new 1 107.897281
