example_cluster cmb-new 0 2.517473
example_cluster cmb-new 0 1.295932
example_cluster cmb-new 0 1.618243
example_cluster cmb-new 0 0.024418
example_cluster cmb-new 0 0.060959
example_cluster cmb-new 0 1.291739
example_cluster cmb-new 0 0.020385
example_cluster cmb-new 0 2.001258
example_cluster cmb-new 0 0.090779
example_cluster cmb-new 0 0.018862
example_cluster cmb-new 1 340.360427
example_cluster cmb-new 1 82.592528
example_cluster cmb-new 1 1068.807106
example_cluster cmb-new 1 50.258920
example_cluster cmb-new 1 1205.063186
example_cluster cmb-new 1 76.170744
example_cluster cmb-new 1 884.422104
example_cluster cmb-new 1 237.976148
example_cluster cmb-new 1 107.145817
example_cluster cmb-new 1 1048.466730
