example_cluster cmb-new 0 1
example_cluster cmb-new 0 1
example_cluster cmb-new 0 1
example_cluster cmb-new 0 1600
example_cluster cmb-new 0 1
example_cluster cmb-new 0 1
example_cluster cmb-new 0 1
example_cluster cmb-new 0 1
example_cluster cmb-new 0 1
example_cluster cmb-new 0 1
example_cluster cmb-new 1 1
example_cluster cmb-new 1 1
example_cluster cmb-new 1 1
example_cluster cmb-new 1 1
example_cluster cmb-new 1 1
example_cluster cmb-new 1 1
example_cluster cmb-new 1 1
example_cluster cmb-new 1 1
example_cluster cmb-new 1 1
example_cluster cmb-new 1 1
